  Thread.cpp
G:\Vs Project\CPP_game_cooked\statement.h(18,25): warning C4091: “extern ”: 没有声明变量时忽略“ingredient”的左侧
  (编译源文件“Thread.cpp”)
  
G:\Vs Project\CPP_game_cooked\statement.h(23,22): warning C4091: “extern ”: 没有声明变量时忽略“cuisine”的左侧
  (编译源文件“Thread.cpp”)
  
  game_base.cpp
C:\Program Files\Microsoft Visual Studio\2022\Community\VC\Tools\MSVC\14.38.33130\include\vector(2055,1): error C2036: “ingredient *”: 未知的大小
  (编译源文件“Thread.cpp”)
  C:\Program Files\Microsoft Visual Studio\2022\Community\VC\Tools\MSVC\14.38.33130\include\vector(2055,1):
  模板实例化上下文(最早的实例化上下文)为
  	G:\Vs Project\CPP_game_cooked\statement.h(27,24):
  	查看对正在编译的 类 模板 实例化“std::vector<ingredient,std::allocator<ingredient>>”的引用
  	C:\Program Files\Microsoft Visual Studio\2022\Community\VC\Tools\MSVC\14.38.33130\include\vector(2043,23):
  	在编译 类 模板 成员函数“void std::vector<ingredient,std::allocator<ingredient>>::_Tidy(void) noexcept”时
  		C:\Program Files\Microsoft Visual Studio\2022\Community\VC\Tools\MSVC\14.38.33130\include\vector(765,14):
  		请参阅 "std::vector<ingredient,std::allocator<ingredient>>::~vector" 中对 "std::vector<ingredient,std::allocator<ingredient>>::_Tidy" 的第一个引用
  		G:\Vs Project\CPP_game_cooked\statement.h(27,24):
  		请参阅 "void __cdecl `dynamic atexit destructor for 'shopping_cart''(void)" 中对 "std::vector<ingredient,std::allocator<ingredient>>::~vector" 的第一个引用
  
G:\Vs Project\CPP_game_cooked\statement.h(18,25): warning C4091: “extern ”: 没有声明变量时忽略“ingredient”的左侧
  (编译源文件“game_base.cpp”)
  
G:\Vs Project\CPP_game_cooked\statement.h(23,22): warning C4091: “extern ”: 没有声明变量时忽略“cuisine”的左侧
  (编译源文件“game_base.cpp”)
  
  main.cpp
G:\Vs Project\CPP_game_cooked\statement.h(18,25): warning C4091: “extern ”: 没有声明变量时忽略“ingredient”的左侧
  (编译源文件“main.cpp”)
  
G:\Vs Project\CPP_game_cooked\statement.h(23,22): warning C4091: “extern ”: 没有声明变量时忽略“cuisine”的左侧
  (编译源文件“main.cpp”)
  
C:\Program Files\Microsoft Visual Studio\2022\Community\VC\Tools\MSVC\14.38.33130\include\vector(2055,1): error C2036: “ingredient *”: 未知的大小
  (编译源文件“main.cpp”)
  C:\Program Files\Microsoft Visual Studio\2022\Community\VC\Tools\MSVC\14.38.33130\include\vector(2055,1):
  模板实例化上下文(最早的实例化上下文)为
  	G:\Vs Project\CPP_game_cooked\statement.h(27,24):
  	查看对正在编译的 类 模板 实例化“std::vector<ingredient,std::allocator<ingredient>>”的引用
  	C:\Program Files\Microsoft Visual Studio\2022\Community\VC\Tools\MSVC\14.38.33130\include\vector(2043,23):
  	在编译 类 模板 成员函数“void std::vector<ingredient,std::allocator<ingredient>>::_Tidy(void) noexcept”时
  		C:\Program Files\Microsoft Visual Studio\2022\Community\VC\Tools\MSVC\14.38.33130\include\vector(765,14):
  		请参阅 "std::vector<ingredient,std::allocator<ingredient>>::~vector" 中对 "std::vector<ingredient,std::allocator<ingredient>>::_Tidy" 的第一个引用
  		G:\Vs Project\CPP_game_cooked\statement.h(27,24):
  		请参阅 "void __cdecl `dynamic atexit destructor for 'shopping_cart''(void)" 中对 "std::vector<ingredient,std::allocator<ingredient>>::~vector" 的第一个引用
  
  正在生成代码...
