g:\vs project\cpp_game_cooked\x64\debug\vc143.pdb
g:\vs project\cpp_game_cooked\x64\debug\vc143.idb
g:\vs project\cpp_game_cooked\x64\debug\说明文件.obj
g:\vs project\cpp_game_cooked\x64\debug\player.obj
g:\vs project\cpp_game_cooked\x64\debug\main.obj
g:\vs project\cpp_game_cooked\x64\debug\game_base.obj
g:\vs project\cpp_game_cooked\x64\debug\costomer.obj
g:\vs project\cpp_game_cooked\x64\debug\restaurant.obj
g:\vs project\cpp_game_cooked\x64\debug\thread.obj
g:\vs project\cpp_game_cooked\x64\debug\cooked.exe
g:\vs project\cpp_game_cooked\x64\debug\cooked.ilk
g:\vs project\cpp_game_cooked\x64\debug\cooked.pdb
g:\vs project\cpp_game_cooked\x64\debug\game_base.obj.enc
g:\vs project\cpp_game_cooked\x64\debug\cooked.tlog\cl.command.1.tlog
g:\vs project\cpp_game_cooked\x64\debug\cooked.tlog\cl.items.tlog
g:\vs project\cpp_game_cooked\x64\debug\cooked.tlog\cl.read.1.tlog
g:\vs project\cpp_game_cooked\x64\debug\cooked.tlog\cl.write.1.tlog
g:\vs project\cpp_game_cooked\x64\debug\cooked.tlog\link.command.1.tlog
g:\vs project\cpp_game_cooked\x64\debug\cooked.tlog\link.read.1.tlog
g:\vs project\cpp_game_cooked\x64\debug\cooked.tlog\link.write.1.tlog
